2021-09-17 23:04:10.800176 (MainThread): Running with dbt=0.20.2
2021-09-17 23:04:11.819775 (MainThread): running dbt with arguments Namespace(cls=<class 'dbt.task.run.RunTask'>, debug=False, defer=None, exclude=None, fail_fast=False, full_refresh=False, log_cache_events=False, log_format='default', models=None, partial_parse=None, profile=None, profiles_dir='/Users/elkreutzer/.dbt', project_dir=None, record_timing_info=None, rpc_method='run', selector_name=None, single_threaded=False, state=None, strict=False, target=None, test_new_parser=False, threads=None, use_cache=True, use_colors=None, use_experimental_parser=False, vars='{}', version_check=True, warn_error=False, which='run', write_json=True)
2021-09-17 23:04:11.821666 (MainThread): Tracking: tracking
2021-09-17 23:04:11.841919 (MainThread): Sending event: {'category': 'dbt', 'action': 'invocation', 'label': 'start', 'context': [<snowplow_tracker.self_describing_json.SelfDescribingJson object at 0x1094e9ac0>, <snowplow_tracker.self_describing_json.SelfDescribingJson object at 0x109561550>, <snowplow_tracker.self_describing_json.SelfDescribingJson object at 0x109561ee0>]}
2021-09-17 23:04:11.882935 (MainThread): Partial parsing not enabled
2021-09-17 23:04:11.917531 (MainThread): Parsing macros/etc.sql
2021-09-17 23:04:11.920190 (MainThread): Parsing macros/catalog.sql
2021-09-17 23:04:11.926509 (MainThread): Parsing macros/adapters.sql
2021-09-17 23:04:11.944809 (MainThread): Parsing macros/materializations/seed.sql
2021-09-17 23:04:11.947464 (MainThread): Parsing macros/materializations/view.sql
2021-09-17 23:04:11.950096 (MainThread): Parsing macros/materializations/table.sql
2021-09-17 23:04:11.959560 (MainThread): Parsing macros/materializations/copy.sql
2021-09-17 23:04:11.963735 (MainThread): Parsing macros/materializations/incremental.sql
2021-09-17 23:04:11.975871 (MainThread): Parsing macros/materializations/snapshot.sql
2021-09-17 23:04:11.977573 (MainThread): Parsing macros/core.sql
2021-09-17 23:04:11.981273 (MainThread): Parsing macros/materializations/test.sql
2021-09-17 23:04:11.987783 (MainThread): Parsing macros/materializations/helpers.sql
2021-09-17 23:04:11.997556 (MainThread): Parsing macros/materializations/snapshot/snapshot_merge.sql
2021-09-17 23:04:11.999172 (MainThread): Parsing macros/materializations/snapshot/strategies.sql
2021-09-17 23:04:12.017195 (MainThread): Parsing macros/materializations/snapshot/snapshot.sql
2021-09-17 23:04:12.050214 (MainThread): Parsing macros/materializations/seed/seed.sql
2021-09-17 23:04:12.071256 (MainThread): Parsing macros/materializations/incremental/helpers.sql
2021-09-17 23:04:12.073179 (MainThread): Parsing macros/materializations/incremental/incremental.sql
2021-09-17 23:04:12.080728 (MainThread): Parsing macros/materializations/common/merge.sql
2021-09-17 23:04:12.094713 (MainThread): Parsing macros/materializations/table/table.sql
2021-09-17 23:04:12.101440 (MainThread): Parsing macros/materializations/view/view.sql
2021-09-17 23:04:12.107851 (MainThread): Parsing macros/materializations/view/create_or_replace_view.sql
2021-09-17 23:04:12.112599 (MainThread): Parsing macros/etc/get_custom_alias.sql
2021-09-17 23:04:12.113479 (MainThread): Parsing macros/etc/query.sql
2021-09-17 23:04:12.114416 (MainThread): Parsing macros/etc/is_incremental.sql
2021-09-17 23:04:12.115931 (MainThread): Parsing macros/etc/datetime.sql
2021-09-17 23:04:12.124865 (MainThread): Parsing macros/etc/get_custom_schema.sql
2021-09-17 23:04:12.126796 (MainThread): Parsing macros/etc/get_custom_database.sql
2021-09-17 23:04:12.128315 (MainThread): Parsing macros/adapters/common.sql
2021-09-17 23:04:12.173988 (MainThread): Parsing macros/schema_tests/relationships.sql
2021-09-17 23:04:12.175698 (MainThread): Parsing macros/schema_tests/not_null.sql
2021-09-17 23:04:12.176863 (MainThread): Parsing macros/schema_tests/unique.sql
2021-09-17 23:04:12.178184 (MainThread): Parsing macros/schema_tests/accepted_values.sql
2021-09-17 23:04:12.354407 (MainThread): Acquiring new bigquery connection "model.jaffle_shop.my_first_dbt_model".
2021-09-17 23:04:12.364163 (MainThread): Acquiring new bigquery connection "model.jaffle_shop.my_second_dbt_model".
2021-09-17 23:04:12.393521 (MainThread): 'soft_unicode' has been renamed to 'soft_str'. The old name will be removed in MarkupSafe 2.1.
2021-09-17 23:04:12.395535 (MainThread): 'soft_unicode' has been renamed to 'soft_str'. The old name will be removed in MarkupSafe 2.1.
2021-09-17 23:04:12.397498 (MainThread): 'soft_unicode' has been renamed to 'soft_str'. The old name will be removed in MarkupSafe 2.1.
2021-09-17 23:04:12.399265 (MainThread): 'soft_unicode' has been renamed to 'soft_str'. The old name will be removed in MarkupSafe 2.1.
2021-09-17 23:04:12.413055 (MainThread): Sending event: {'category': 'dbt', 'action': 'load_project', 'label': 'de5a0e44-a950-4944-ba68-304f9e030d9c', 'context': [<snowplow_tracker.self_describing_json.SelfDescribingJson object at 0x109673b80>]}
2021-09-17 23:04:12.418081 (MainThread): write_gpickle is deprecated and will be removed in 3.0.Use ``pickle.dump(G, path, protocol)``
2021-09-17 23:04:12.418519 (MainThread): Sending event: {'category': 'dbt', 'action': 'resource_counts', 'label': 'de5a0e44-a950-4944-ba68-304f9e030d9c', 'context': [<snowplow_tracker.self_describing_json.SelfDescribingJson object at 0x109673d00>]}
2021-09-17 23:04:12.418772 (MainThread): Found 2 models, 4 tests, 0 snapshots, 0 analyses, 164 macros, 0 operations, 0 seed files, 0 sources, 0 exposures
2021-09-17 23:04:12.419895 (MainThread): 
2021-09-17 23:04:12.420238 (MainThread): Acquiring new bigquery connection "master".
2021-09-17 23:04:12.421290 (ThreadPoolExecutor-0_0): Acquiring new bigquery connection "list_dbt-tutorial-326219".
2021-09-17 23:04:12.421590 (ThreadPoolExecutor-0_0): Opening a new connection, currently in state init
2021-09-17 23:04:12.886434 (ThreadPoolExecutor-0_0): Acquiring new bigquery connection "create_dbt-tutorial-326219_dbt_ted".
2021-09-17 23:04:12.886803 (ThreadPoolExecutor-0_0): Acquiring new bigquery connection "create_dbt-tutorial-326219_dbt_ted".
2021-09-17 23:04:12.886919 (ThreadPoolExecutor-0_0): Creating schema "dbt-tutorial-326219.dbt_ted".
2021-09-17 23:04:12.887020 (ThreadPoolExecutor-0_0): Opening a new connection, currently in state closed
2021-09-17 23:04:12.890670 (ThreadPoolExecutor-0_0): Client.dataset is deprecated and will be removed in a future version. Use a string like 'my_project.my_dataset' or a cloud.google.bigquery.DatasetReference object, instead.
2021-09-17 23:04:13.598434 (ThreadPoolExecutor-1_0): Acquiring new bigquery connection "list_dbt-tutorial-326219_dbt_ted".
2021-09-17 23:04:13.598783 (ThreadPoolExecutor-1_0): Opening a new connection, currently in state closed
2021-09-17 23:04:13.602353 (ThreadPoolExecutor-1_0): Client.dataset is deprecated and will be removed in a future version. Use a string like 'my_project.my_dataset' or a cloud.google.bigquery.DatasetReference object, instead.
2021-09-17 23:04:13.885581 (MainThread): 16:04:13 | Concurrency: 1 threads (target='dev')
2021-09-17 23:04:13.885846 (MainThread): 16:04:13 | 
2021-09-17 23:04:13.888543 (MainThread): unclosed <ssl.SSLSocket fd=11, family=AddressFamily.AF_INET6, type=SocketKind.SOCK_STREAM, proto=0, laddr=('2600:1700:9581:2000:1c72:5900:4fc3:7081', 64859, 0, 0), raddr=('2607:f8b0:4005:806::200a', 443, 0, 0)>
2021-09-17 23:04:13.888767 (MainThread): unclosed <ssl.SSLSocket fd=12, family=AddressFamily.AF_INET6, type=SocketKind.SOCK_STREAM, proto=0, laddr=('2600:1700:9581:2000:1c72:5900:4fc3:7081', 64860, 0, 0), raddr=('2607:f8b0:4005:804::200a', 443, 0, 0)>
2021-09-17 23:04:13.890050 (Thread-1): Began running node model.jaffle_shop.my_first_dbt_model
2021-09-17 23:04:13.890325 (Thread-1): 16:04:13 | 1 of 2 START table model dbt_ted.my_first_dbt_model.................. [RUN]
2021-09-17 23:04:13.890623 (Thread-1): Acquiring new bigquery connection "model.jaffle_shop.my_first_dbt_model".
2021-09-17 23:04:13.890754 (Thread-1): Compiling model.jaffle_shop.my_first_dbt_model
2021-09-17 23:04:13.893119 (Thread-1): Writing injected SQL for node "model.jaffle_shop.my_first_dbt_model"
2021-09-17 23:04:13.893768 (Thread-1): finished collecting timing info
2021-09-17 23:04:13.929127 (Thread-1): Writing runtime SQL for node "model.jaffle_shop.my_first_dbt_model"
2021-09-17 23:04:13.930064 (Thread-1): Opening a new connection, currently in state closed
2021-09-17 23:04:13.933806 (Thread-1): On model.jaffle_shop.my_first_dbt_model: /* {"app": "dbt", "dbt_version": "0.20.2", "profile_name": "jaffle_shop", "target_name": "dev", "node_id": "model.jaffle_shop.my_first_dbt_model"} */


  create or replace table `dbt-tutorial-326219`.`dbt_ted`.`my_first_dbt_model`
  
  
  OPTIONS()
  as (
    /*
    Welcome to your first dbt model!
    Did you know that you can also configure models directly within SQL files?
    This will override configurations stated in dbt_project.yml

    Try changing "table" to "view" below
*/



with source_data as (

    select 1 as id
    union all
    select null as id

)

select *
from source_data

/*
    Uncomment the line below to remove records with null `id` values
*/

-- where id is not null
  );
    
2021-09-17 23:04:16.488975 (Thread-1): finished collecting timing info
2021-09-17 23:04:16.489404 (Thread-1): Sending event: {'category': 'dbt', 'action': 'run_model', 'label': 'de5a0e44-a950-4944-ba68-304f9e030d9c', 'context': [<snowplow_tracker.self_describing_json.SelfDescribingJson object at 0x1095a7c10>]}
2021-09-17 23:04:16.489740 (Thread-1): 16:04:16 | 1 of 2 OK created table model dbt_ted.my_first_dbt_model............. [CREATE TABLE (2.0 rows, 0.0 Bytes processed) in 2.60s]
2021-09-17 23:04:16.489883 (Thread-1): Finished running node model.jaffle_shop.my_first_dbt_model
2021-09-17 23:04:16.490455 (Thread-1): Began running node model.jaffle_shop.my_second_dbt_model
2021-09-17 23:04:16.490697 (Thread-1): 16:04:16 | 2 of 2 START view model dbt_ted.my_second_dbt_model.................. [RUN]
2021-09-17 23:04:16.490937 (Thread-1): Acquiring new bigquery connection "model.jaffle_shop.my_second_dbt_model".
2021-09-17 23:04:16.491036 (Thread-1): Compiling model.jaffle_shop.my_second_dbt_model
2021-09-17 23:04:16.491623 (Thread-1): unclosed <ssl.SSLSocket fd=17, family=AddressFamily.AF_INET6, type=SocketKind.SOCK_STREAM, proto=0, laddr=('2600:1700:9581:2000:1c72:5900:4fc3:7081', 64863, 0, 0), raddr=('2607:f8b0:4005:806::200a', 443, 0, 0)>
2021-09-17 23:04:16.491789 (Thread-1): unclosed <ssl.SSLSocket fd=18, family=AddressFamily.AF_INET6, type=SocketKind.SOCK_STREAM, proto=0, laddr=('2600:1700:9581:2000:1c72:5900:4fc3:7081', 64864, 0, 0), raddr=('2607:f8b0:4005:804::200a', 443, 0, 0)>
2021-09-17 23:04:16.493437 (Thread-1): Writing injected SQL for node "model.jaffle_shop.my_second_dbt_model"
2021-09-17 23:04:16.493825 (Thread-1): finished collecting timing info
2021-09-17 23:04:16.508747 (Thread-1): Writing runtime SQL for node "model.jaffle_shop.my_second_dbt_model"
2021-09-17 23:04:16.509166 (Thread-1): Opening a new connection, currently in state closed
2021-09-17 23:04:16.512520 (Thread-1): On model.jaffle_shop.my_second_dbt_model: /* {"app": "dbt", "dbt_version": "0.20.2", "profile_name": "jaffle_shop", "target_name": "dev", "node_id": "model.jaffle_shop.my_second_dbt_model"} */


  create or replace view `dbt-tutorial-326219`.`dbt_ted`.`my_second_dbt_model`
  OPTIONS()
  as -- Use the `ref` function to select from other models

select *
from `dbt-tutorial-326219`.`dbt_ted`.`my_first_dbt_model`
where id = 1;


2021-09-17 23:04:17.643396 (Thread-1): finished collecting timing info
2021-09-17 23:04:17.643850 (Thread-1): Sending event: {'category': 'dbt', 'action': 'run_model', 'label': 'de5a0e44-a950-4944-ba68-304f9e030d9c', 'context': [<snowplow_tracker.self_describing_json.SelfDescribingJson object at 0x109730850>]}
2021-09-17 23:04:17.644188 (Thread-1): 16:04:17 | 2 of 2 OK created view model dbt_ted.my_second_dbt_model............. [OK in 1.15s]
2021-09-17 23:04:17.644325 (Thread-1): Finished running node model.jaffle_shop.my_second_dbt_model
2021-09-17 23:04:17.645316 (MainThread): Acquiring new bigquery connection "master".
2021-09-17 23:04:17.645617 (MainThread): 16:04:17 | 
2021-09-17 23:04:17.645779 (MainThread): 16:04:17 | Finished running 1 table model, 1 view model in 5.23s.
2021-09-17 23:04:17.645881 (MainThread): Connection 'master' was properly closed.
2021-09-17 23:04:17.645947 (MainThread): Connection 'model.jaffle_shop.my_second_dbt_model' was properly closed.
2021-09-17 23:04:17.650945 (MainThread): 
2021-09-17 23:04:17.651072 (MainThread): Completed successfully
2021-09-17 23:04:17.651188 (MainThread): 
Done. PASS=2 WARN=0 ERROR=0 SKIP=0 TOTAL=2
2021-09-17 23:04:17.651371 (MainThread): Sending event: {'category': 'dbt', 'action': 'invocation', 'label': 'end', 'context': [<snowplow_tracker.self_describing_json.SelfDescribingJson object at 0x1080e58b0>, <snowplow_tracker.self_describing_json.SelfDescribingJson object at 0x1096343d0>, <snowplow_tracker.self_describing_json.SelfDescribingJson object at 0x109673f70>]}
2021-09-17 23:04:17.651535 (MainThread): Flushing usage events
